{
  "0 debug pnpm:scope": {
    "selected": 1
  },
  "1 info pnpm": {
    "err": {
      "name": "Error",
      "message": "not found: prestart",
      "code": "ENOENT",
      "stack": "Error: not found: prestart\n    at getNotFoundError (/home/nathan/.nvm/versions/node/v17.3.0/lib/node_modules/pnpm/dist/pnpm.cjs:41455:51)\n    at Function.whichSync [as sync] (/home/nathan/.nvm/versions/node/v17.3.0/lib/node_modules/pnpm/dist/pnpm.cjs:41532:13)\n    at getCommandAbsolutePathSync (/home/nathan/.nvm/versions/node/v17.3.0/lib/node_modules/pnpm/dist/pnpm.cjs:43097:44)\n    at default_1 (/home/nathan/.nvm/versions/node/v17.3.0/lib/node_modules/pnpm/dist/pnpm.cjs:43106:32)\n    at /home/nathan/.nvm/versions/node/v17.3.0/lib/node_modules/pnpm/dist/pnpm.cjs:179764:39"
    }
  },
  "2 error pnpm": {
    "code": "ERR_PNPM_RECURSIVE_EXEC_FIRST_FAIL",
    "prefix": "/home/nathan/main/personal/projects/yale-detour",
    "err": {
      "name": "pnpm",
      "message": "not found: prestart",
      "code": "ERR_PNPM_RECURSIVE_EXEC_FIRST_FAIL",
      "stack": "Error: not found: prestart\n    at getNotFoundError (/home/nathan/.nvm/versions/node/v17.3.0/lib/node_modules/pnpm/dist/pnpm.cjs:41455:51)\n    at Function.whichSync [as sync] (/home/nathan/.nvm/versions/node/v17.3.0/lib/node_modules/pnpm/dist/pnpm.cjs:41532:13)\n    at getCommandAbsolutePathSync (/home/nathan/.nvm/versions/node/v17.3.0/lib/node_modules/pnpm/dist/pnpm.cjs:43097:44)\n    at default_1 (/home/nathan/.nvm/versions/node/v17.3.0/lib/node_modules/pnpm/dist/pnpm.cjs:43106:32)\n    at /home/nathan/.nvm/versions/node/v17.3.0/lib/node_modules/pnpm/dist/pnpm.cjs:179764:39"
    }
  }
}